0 info it worked if it ends with ok
1 verbose cli [ '/Users/watanabemirai/.nodebrew/node/v5.9.0/bin/node',
1 verbose cli   '/Users/watanabemirai/.nodebrew/current/bin/npm',
1 verbose cli   'start' ]
2 info using npm@3.8.5
3 info using node@v5.9.0
4 verbose run-script [ 'prestart', 'start', 'poststart' ]
5 info lifecycle typescript-react-boilertemplate@~prestart: typescript-react-boilertemplate@
6 silly lifecycle typescript-react-boilertemplate@~prestart: no script for prestart, continuing
7 info lifecycle typescript-react-boilertemplate@~start: typescript-react-boilertemplate@
8 verbose lifecycle typescript-react-boilertemplate@~start: unsafe-perm in lifecycle true
9 verbose lifecycle typescript-react-boilertemplate@~start: PATH: /Users/watanabemirai/.nodebrew/node/v5.9.0/lib/node_modules/npm/bin/node-gyp-bin:/Users/watanabemirai/Desktop/mini-frp-flux/node_modules/.bin:/Users/watanabemirai/.nodebrew/node/v5.9.0/bin:/Users/watanabemirai/.rbenv/shims:/Users/watanabemirai/.nodebrew/current/bin:/Users/watanabemirai/go1.6/bin:/usr/local/opt/go/libexec/bin:/usr/local/bin:/usr/local/sbin:/usr/bin:/bin:/usr/sbin:/sbin:/opt/X11/bin:/opt/ImageMagick/bin:/usr/texbin:/Users/watanabemirai/.rbenv/versions/2.2.3/bin:/usr/local/Cellar/rbenv/0.4.0/libexec:/Users/watanabemirai/.rbenv/shims:/Users/watanabemirai/.nodebrew/current/bin:/Users/watanabemirai/go1.6/bin:/usr/local/opt/go/libexec/bin:/usr/local/share/npm/bin:/Users/watanabemirai/.cabal/bin:/Users/watanabemirai/perl5/bin:/Applications/Postgres.app/Contents/Versions/9.3/bin:/usr/local/osmosis/bin:/Users/watanabemirai/leJOS_EV3_0.9.0-beta/bin:/usr/local/bin:/usr/bin:/usr/local/share/npm/bin:/Users/watanabemirai/.cabal/bin:/Users/watanabemirai/perl5/bin:/Applications/Postgres.app/Contents/Versions/9.3/bin:/usr/local/osmosis/bin:/Users/watanabemirai/leJOS_EV3_0.9.0-beta/bin
10 verbose lifecycle typescript-react-boilertemplate@~start: CWD: /Users/watanabemirai/Desktop/mini-frp-flux
11 silly lifecycle typescript-react-boilertemplate@~start: Args: [ '-c', 'webpack-dev-server' ]
12 silly lifecycle typescript-react-boilertemplate@~start: Returned: code: 1  signal: null
13 info lifecycle typescript-react-boilertemplate@~start: Failed to exec start script
14 verbose stack Error: typescript-react-boilertemplate@ start: `webpack-dev-server`
14 verbose stack Exit status 1
14 verbose stack     at EventEmitter.<anonymous> (/Users/watanabemirai/.nodebrew/node/v5.9.0/lib/node_modules/npm/lib/utils/lifecycle.js:239:16)
14 verbose stack     at emitTwo (events.js:100:13)
14 verbose stack     at EventEmitter.emit (events.js:185:7)
14 verbose stack     at ChildProcess.<anonymous> (/Users/watanabemirai/.nodebrew/node/v5.9.0/lib/node_modules/npm/lib/utils/spawn.js:24:14)
14 verbose stack     at emitTwo (events.js:100:13)
14 verbose stack     at ChildProcess.emit (events.js:185:7)
14 verbose stack     at maybeClose (internal/child_process.js:850:16)
14 verbose stack     at Process.ChildProcess._handle.onexit (internal/child_process.js:215:5)
15 verbose pkgid typescript-react-boilertemplate@
16 verbose cwd /Users/watanabemirai/Desktop/mini-frp-flux
17 error Darwin 13.4.0
18 error argv "/Users/watanabemirai/.nodebrew/node/v5.9.0/bin/node" "/Users/watanabemirai/.nodebrew/current/bin/npm" "start"
19 error node v5.9.0
20 error npm  v3.8.5
21 error code ELIFECYCLE
22 error typescript-react-boilertemplate@ start: `webpack-dev-server`
22 error Exit status 1
23 error Failed at the typescript-react-boilertemplate@ start script 'webpack-dev-server'.
23 error Make sure you have the latest version of node.js and npm installed.
23 error If you do, this is most likely a problem with the typescript-react-boilertemplate package,
23 error not with npm itself.
23 error Tell the author that this fails on your system:
23 error     webpack-dev-server
23 error You can get information on how to open an issue for this project with:
23 error     npm bugs typescript-react-boilertemplate
23 error Or if that isn't available, you can get their info via:
23 error     npm owner ls typescript-react-boilertemplate
23 error There is likely additional logging output above.
24 verbose exit [ 1, true ]
